<?xml version="1.0" encoding="UTF-8"?>
<testsuite xmlns:xsi="http://www.w3.org/2001/XMLSchema-instance" xsi:noNamespaceSchemaLocation="https://maven.apache.org/surefire/maven-surefire-plugin/xsd/surefire-test-report.xsd" name="br.com.valdenirsantana.pocresilience4j.PocResilience4jApplicationTests" time="2.114" tests="1" errors="0" skipped="0" failures="0">
  <properties>
[...]
</properties>
  <testcase name="contextLoads" classname="br.com.valdenirsantana.pocresilience4j.PocResilience4jApplicationTests" time="0.163"/>
</testsuite>